{
  "stats": {
    "suites": 3,
    "tests": 4,
    "passes": 4,
    "pending": 0,
    "failures": 0,
    "start": "2022-08-02T20:57:27.435Z",
    "end": "2022-08-02T21:01:41.081Z",
    "duration": 253646,
    "testsRegistered": 4,
    "passPercent": 100,
    "pendingPercent": 0,
    "other": 0,
    "hasOther": false,
    "skipped": 0,
    "hasSkipped": false
  },
  "results": [
    {
      "uuid": "899189a8-6cb3-41a7-b110-6a44e5c73c16",
      "title": "",
      "fullFile": "",
      "file": "",
      "beforeHooks": [],
      "afterHooks": [],
      "tests": [],
      "suites": [
        {
          "uuid": "8bcd496a-c74b-4f35-bbd3-f2c2c0fe53a3",
          "title": "Login",
          "fullFile": "",
          "file": "",
          "beforeHooks": [
            {
              "title": "\"before all\" hook: codeceptjs.beforeSuite",
              "fullTitle": "Login \"before all\" hook: codeceptjs.beforeSuite",
              "timedOut": false,
              "duration": 1,
              "state": null,
              "speed": null,
              "pass": false,
              "fail": false,
              "pending": false,
              "context": null,
              "code": "scenario.suiteSetup(suite)",
              "err": {},
              "uuid": "20c432d5-5cd1-46ae-8b89-2dfef7c450b5",
              "parentUUID": "8bcd496a-c74b-4f35-bbd3-f2c2c0fe53a3",
              "isHook": true,
              "skipped": false
            },
            {
              "title": "\"before each\" hook: codeceptjs.before",
              "fullTitle": "Login \"before each\" hook: codeceptjs.before",
              "timedOut": false,
              "duration": 168058,
              "state": null,
              "speed": null,
              "pass": false,
              "fail": false,
              "pending": false,
              "context": null,
              "code": "scenario.setup(suite)",
              "err": {},
              "uuid": "59478169-1256-417f-bede-f11117c6e377",
              "parentUUID": "8bcd496a-c74b-4f35-bbd3-f2c2c0fe53a3",
              "isHook": true,
              "skipped": false
            }
          ],
          "afterHooks": [
            {
              "title": "\"after all\" hook: codeceptjs.afterSuite",
              "fullTitle": "Login \"after all\" hook: codeceptjs.afterSuite",
              "timedOut": false,
              "duration": 0,
              "state": null,
              "speed": null,
              "pass": false,
              "fail": false,
              "pending": false,
              "context": null,
              "code": "scenario.suiteTeardown(suite)",
              "err": {},
              "uuid": "2a4bda35-f045-4628-8f8e-db9328f65763",
              "parentUUID": "8bcd496a-c74b-4f35-bbd3-f2c2c0fe53a3",
              "isHook": true,
              "skipped": false
            },
            {
              "title": "\"after each\" hook: codeceptjs.after",
              "fullTitle": "Login \"after each\" hook: codeceptjs.after",
              "timedOut": false,
              "duration": 1454,
              "state": null,
              "speed": null,
              "pass": false,
              "fail": false,
              "pending": false,
              "context": null,
              "code": "scenario.teardown(suite)",
              "err": {},
              "uuid": "323b74ce-e4df-43ca-ade1-16a1fde78abb",
              "parentUUID": "8bcd496a-c74b-4f35-bbd3-f2c2c0fe53a3",
              "isHook": true,
              "skipped": false
            }
          ],
          "tests": [
            {
              "title": "Login with success",
              "fullTitle": "Login Login with success",
              "timedOut": false,
              "duration": 5995,
              "state": "passed",
              "speed": "slow",
              "pass": true,
              "fail": false,
              "pending": false,
              "context": null,
              "code": "runSteps(child.steps)",
              "err": {},
              "uuid": "07ee4126-d483-45fd-a53f-b71117856013",
              "parentUUID": "8bcd496a-c74b-4f35-bbd3-f2c2c0fe53a3",
              "isHook": false,
              "skipped": false
            }
          ],
          "suites": [],
          "passes": [
            "07ee4126-d483-45fd-a53f-b71117856013"
          ],
          "failures": [],
          "pending": [],
          "skipped": [],
          "duration": 5995,
          "root": false,
          "rootEmpty": false,
          "_timeout": 0
        },
        {
          "uuid": "a2a9a2d8-1894-4df5-b0b1-cbeb627a0000",
          "title": "login",
          "fullFile": "/Users/augustobarnaske/learning/qazando-automation/tests/login_test.js",
          "file": "/tests/login_test.js",
          "beforeHooks": [
            {
              "title": "\"before all\" hook: codeceptjs.beforeSuite",
              "fullTitle": "login \"before all\" hook: codeceptjs.beforeSuite",
              "timedOut": false,
              "duration": 3,
              "state": null,
              "speed": null,
              "pass": false,
              "fail": false,
              "pending": false,
              "context": null,
              "code": "scenario.suiteSetup(suite)",
              "err": {},
              "uuid": "2762b4fe-a5c9-4800-ab17-1a117265d6d6",
              "parentUUID": "a2a9a2d8-1894-4df5-b0b1-cbeb627a0000",
              "isHook": true,
              "skipped": false
            },
            {
              "title": "\"before all\" hook: BeforeSuite",
              "fullTitle": "login \"before all\" hook: BeforeSuite",
              "timedOut": false,
              "duration": 1,
              "state": null,
              "speed": null,
              "pass": false,
              "fail": false,
              "pending": false,
              "context": null,
              "code": "console.log('Before suite method')",
              "err": {},
              "uuid": "ac9f2758-d733-4bdd-8e0b-3bb2bbef40f3",
              "parentUUID": "a2a9a2d8-1894-4df5-b0b1-cbeb627a0000",
              "isHook": true,
              "skipped": false
            },
            {
              "title": "\"before each\" hook: codeceptjs.before",
              "fullTitle": "login \"before each\" hook: codeceptjs.before",
              "timedOut": false,
              "duration": 18734,
              "state": null,
              "speed": null,
              "pass": false,
              "fail": false,
              "pending": false,
              "context": null,
              "code": "scenario.setup(suite)",
              "err": {},
              "uuid": "86134857-4ec0-478e-98c9-a3d923e71b47",
              "parentUUID": "a2a9a2d8-1894-4df5-b0b1-cbeb627a0000",
              "isHook": true,
              "skipped": false
            },
            {
              "title": "\"before each\" hook: Before",
              "fullTitle": "login \"before each\" hook: Before",
              "timedOut": false,
              "duration": 1,
              "state": null,
              "speed": null,
              "pass": false,
              "fail": false,
              "pending": false,
              "context": null,
              "code": "console.log('Before method')",
              "err": {},
              "uuid": "adb669bd-41c3-4212-b64d-04eb796c9c51",
              "parentUUID": "a2a9a2d8-1894-4df5-b0b1-cbeb627a0000",
              "isHook": true,
              "skipped": false
            }
          ],
          "afterHooks": [
            {
              "title": "\"after all\" hook: AfterSuite",
              "fullTitle": "login \"after all\" hook: AfterSuite",
              "timedOut": false,
              "duration": 1,
              "state": null,
              "speed": null,
              "pass": false,
              "fail": false,
              "pending": false,
              "context": null,
              "code": "console.log('After suite method')",
              "err": {},
              "uuid": "e52ce71b-23bb-494e-8e5e-f25cf367d1cd",
              "parentUUID": "a2a9a2d8-1894-4df5-b0b1-cbeb627a0000",
              "isHook": true,
              "skipped": false
            },
            {
              "title": "\"after all\" hook: codeceptjs.afterSuite",
              "fullTitle": "login \"after all\" hook: codeceptjs.afterSuite",
              "timedOut": false,
              "duration": 0,
              "state": null,
              "speed": null,
              "pass": false,
              "fail": false,
              "pending": false,
              "context": null,
              "code": "scenario.suiteTeardown(suite)",
              "err": {},
              "uuid": "c20c6a94-4c00-486e-9def-233162606563",
              "parentUUID": "a2a9a2d8-1894-4df5-b0b1-cbeb627a0000",
              "isHook": true,
              "skipped": false
            },
            {
              "title": "\"after each\" hook: After",
              "fullTitle": "login \"after each\" hook: After",
              "timedOut": false,
              "duration": 1,
              "state": null,
              "speed": null,
              "pass": false,
              "fail": false,
              "pending": false,
              "context": null,
              "code": "console.log('After method')",
              "err": {},
              "uuid": "4e50e8ed-573d-4832-a4e3-593918a16cff",
              "parentUUID": "a2a9a2d8-1894-4df5-b0b1-cbeb627a0000",
              "isHook": true,
              "skipped": false
            },
            {
              "title": "\"after each\" hook: finalize codeceptjs",
              "fullTitle": "login \"after each\" hook: finalize codeceptjs",
              "timedOut": false,
              "duration": 1050,
              "state": null,
              "speed": null,
              "pass": false,
              "fail": false,
              "pending": false,
              "context": null,
              "code": "scenario.teardown(suite)",
              "err": {},
              "uuid": "8e80e00f-249b-4d55-b87c-7c5805c35c21",
              "parentUUID": "a2a9a2d8-1894-4df5-b0b1-cbeb627a0000",
              "isHook": true,
              "skipped": false
            }
          ],
          "tests": [
            {
              "title": "Login with success",
              "fullTitle": "login: Login with success",
              "timedOut": false,
              "duration": 4790,
              "state": "passed",
              "speed": "slow",
              "pass": true,
              "fail": false,
              "pending": false,
              "context": null,
              "code": "loginPage.doLogin('teste@teste.com', '123456')\nhomePage.checkLoginSuccess()",
              "err": {},
              "uuid": "def61346-1258-407a-aa50-fae5aae14c77",
              "parentUUID": "a2a9a2d8-1894-4df5-b0b1-cbeb627a0000",
              "isHook": false,
              "skipped": false
            },
            {
              "title": "Login with error",
              "fullTitle": "login: Login with error",
              "timedOut": false,
              "duration": 4032,
              "state": "passed",
              "speed": "slow",
              "pass": true,
              "fail": false,
              "pending": false,
              "context": null,
              "code": "loginPage.doLogin('email@teste.com', '123456')\n    loginPage.checkLoginError()",
              "err": {},
              "uuid": "97c47528-2041-4af0-aaf6-2e7336d6bc30",
              "parentUUID": "a2a9a2d8-1894-4df5-b0b1-cbeb627a0000",
              "isHook": false,
              "skipped": false
            }
          ],
          "suites": [],
          "passes": [
            "def61346-1258-407a-aa50-fae5aae14c77",
            "97c47528-2041-4af0-aaf6-2e7336d6bc30"
          ],
          "failures": [],
          "pending": [],
          "skipped": [],
          "duration": 8822,
          "root": false,
          "rootEmpty": false,
          "_timeout": 0
        },
        {
          "uuid": "8e91a459-6f29-4912-918c-086c2b22a6e8",
          "title": "students",
          "fullFile": "/Users/augustobarnaske/learning/qazando-automation/tests/students_test.js",
          "file": "/tests/students_test.js",
          "beforeHooks": [
            {
              "title": "\"before all\" hook: codeceptjs.beforeSuite",
              "fullTitle": "students \"before all\" hook: codeceptjs.beforeSuite",
              "timedOut": false,
              "duration": 0,
              "state": null,
              "speed": null,
              "pass": false,
              "fail": false,
              "pending": false,
              "context": null,
              "code": "scenario.suiteSetup(suite)",
              "err": {},
              "uuid": "17f2f298-a324-4b17-8ab7-dcb1c3d1abc7",
              "parentUUID": "8e91a459-6f29-4912-918c-086c2b22a6e8",
              "isHook": true,
              "skipped": false
            },
            {
              "title": "\"before each\" hook: codeceptjs.before",
              "fullTitle": "students \"before each\" hook: codeceptjs.before",
              "timedOut": false,
              "duration": 16959,
              "state": null,
              "speed": null,
              "pass": false,
              "fail": false,
              "pending": false,
              "context": null,
              "code": "scenario.setup(suite)",
              "err": {},
              "uuid": "ac6a68fc-ee16-4ffd-b47f-075f07acaee7",
              "parentUUID": "8e91a459-6f29-4912-918c-086c2b22a6e8",
              "isHook": true,
              "skipped": false
            }
          ],
          "afterHooks": [
            {
              "title": "\"after all\" hook: codeceptjs.afterSuite",
              "fullTitle": "students \"after all\" hook: codeceptjs.afterSuite",
              "timedOut": false,
              "duration": 0,
              "state": null,
              "speed": null,
              "pass": false,
              "fail": false,
              "pending": false,
              "context": null,
              "code": "scenario.suiteTeardown(suite)",
              "err": {},
              "uuid": "04b845f9-e9f4-4057-8877-4b6e642f9436",
              "parentUUID": "8e91a459-6f29-4912-918c-086c2b22a6e8",
              "isHook": true,
              "skipped": false
            },
            {
              "title": "\"after each\" hook: finalize codeceptjs",
              "fullTitle": "students \"after each\" hook: finalize codeceptjs",
              "timedOut": false,
              "duration": 1236,
              "state": null,
              "speed": null,
              "pass": false,
              "fail": false,
              "pending": false,
              "context": null,
              "code": "scenario.teardown(suite)",
              "err": {},
              "uuid": "8e63c261-9dc0-413c-ab8d-fc2705de69c1",
              "parentUUID": "8e91a459-6f29-4912-918c-086c2b22a6e8",
              "isHook": true,
              "skipped": false
            }
          ],
          "tests": [
            {
              "title": "Add student with success",
              "fullTitle": "students: Add student with success",
              "timedOut": false,
              "duration": 11802,
              "state": "passed",
              "speed": "slow",
              "pass": true,
              "fail": false,
              "pending": false,
              "context": null,
              "code": "loginPage.doLogin('teste@teste.com', '123456')\nhomePage.registerNewStudent('43690', 'Teste')\nhomePage.searchStudent('Teste', '43690')",
              "err": {},
              "uuid": "786d9615-83cf-461b-97b0-5ff720a1aa54",
              "parentUUID": "8e91a459-6f29-4912-918c-086c2b22a6e8",
              "isHook": false,
              "skipped": false
            }
          ],
          "suites": [],
          "passes": [
            "786d9615-83cf-461b-97b0-5ff720a1aa54"
          ],
          "failures": [],
          "pending": [],
          "skipped": [],
          "duration": 11802,
          "root": false,
          "rootEmpty": false,
          "_timeout": 0
        }
      ],
      "passes": [],
      "failures": [],
      "pending": [],
      "skipped": [],
      "duration": 0,
      "root": true,
      "rootEmpty": true,
      "_timeout": 0
    }
  ],
  "meta": {
    "mocha": {
      "version": "10.0.0"
    },
    "mochawesome": {
      "options": {
        "quiet": false,
        "reportFilename": "mochawesome",
        "saveHtml": true,
        "saveJson": true,
        "consoleReporter": "spec",
        "useInlineDiffs": false,
        "code": true
      },
      "version": "7.1.3"
    },
    "marge": {
      "options": {},
      "version": "6.2.0"
    }
  }
}